# JRE version: OpenJDK Runtime Environment (8.0_152-b01) (build 1.8.0_152-release-915-b01)
# Java VM: OpenJDK 64-Bit Server VM (25.152-b01 mixed mode windows-amd64 compressed oops)
Heap:
 PSYoungGen      total 489472K, used 306974K [0x00000000e0000000, 0x00000000ffe80000, 0x0000000100000000)
  eden space 457216K, 64% used [0x00000000e0000000,0x00000000f2007410,0x00000000fbe80000)
  from space 32256K, 37% used [0x00000000fdf00000,0x00000000feac0770,0x00000000ffe80000)
  to   space 32768K, 0% used [0x00000000fbe80000,0x00000000fbe80000,0x00000000fde80000)
 ParOldGen       total 152064K, used 75245K [0x00000000a0000000, 0x00000000a9480000, 0x00000000e0000000)
  object space 152064K, 49% used [0x00000000a0000000,0x00000000a497b6b8,0x00000000a9480000)
 Metaspace       used 73567K, capacity 76842K, committed 77144K, reserved 1116160K
  class space    used 9318K, capacity 10036K, committed 10112K, reserved 1048576K
GC Heap History (10 events):
Event: 28.114 GC heap before
{Heap before GC invocations=21 (full 3):
 PSYoungGen      total 363520K, used 343952K [0x00000000e0000000, 0x00000000fda80000, 0x0000000100000000)
  eden space 324608K, 100% used [0x00000000e0000000,0x00000000f3d00000,0x00000000f3d00000)
  from space 38912K, 49% used [0x00000000f3d00000,0x00000000f4fe4130,0x00000000f6300000)
  to   space 37376K, 0% used [0x00000000fb600000,0x00000000fb600000,0x00000000fda80000)
 ParOldGen       total 152064K, used 50636K [0x00000000a0000000, 0x00000000a9480000, 0x00000000e0000000)
  object space 152064K, 33% used [0x00000000a0000000,0x00000000a3173138,0x00000000a9480000)
 Metaspace       used 64900K, capacity 66902K, committed 67032K, reserved 1107968K
  class space    used 8388K, capacity 8872K, committed 8960K, reserved 1048576K
Event: 28.142 GC heap after
Heap after GC invocations=21 (full 3):
 PSYoungGen      total 443392K, used 17536K [0x00000000e0000000, 0x00000000fd680000, 0x0000000100000000)
  eden space 410112K, 0% used [0x00000000e0000000,0x00000000e0000000,0x00000000f9080000)
  from space 33280K, 52% used [0x00000000fb600000,0x00000000fc7200e0,0x00000000fd680000)
  to   space 35840K, 0% used [0x00000000f9080000,0x00000000f9080000,0x00000000fb380000)
 ParOldGen       total 152064K, used 56696K [0x00000000a0000000, 0x00000000a9480000, 0x00000000e0000000)
  object space 152064K, 37% used [0x00000000a0000000,0x00000000a375e1e8,0x00000000a9480000)
 Metaspace       used 64900K, capacity 66902K, committed 67032K, reserved 1107968K
  class space    used 8388K, capacity 8872K, committed 8960K, reserved 1048576K
}
Event: 32.019 GC heap before
{Heap before GC invocations=22 (full 3):
 PSYoungGen      total 443392K, used 427648K [0x00000000e0000000, 0x00000000fd680000, 0x0000000100000000)
  eden space 410112K, 100% used [0x00000000e0000000,0x00000000f9080000,0x00000000f9080000)
  from space 33280K, 52% used [0x00000000fb600000,0x00000000fc7200e0,0x00000000fd680000)
  to   space 35840K, 0% used [0x00000000f9080000,0x00000000f9080000,0x00000000fb380000)
 ParOldGen       total 152064K, used 56696K [0x00000000a0000000, 0x00000000a9480000, 0x00000000e0000000)
  object space 152064K, 37% used [0x00000000a0000000,0x00000000a375e1e8,0x00000000a9480000)
 Metaspace       used 65243K, capacity 67250K, committed 67544K, reserved 1107968K
  class space    used 8423K, capacity 8916K, committed 8960K, reserved 1048576K
Event: 32.041 GC heap after
Heap after GC invocations=22 (full 3):
 PSYoungGen      total 445952K, used 16505K [0x00000000e0000000, 0x00000000fff80000, 0x0000000100000000)
  eden space 410112K, 0% used [0x00000000e0000000,0x00000000e0000000,0x00000000f9080000)
  from space 35840K, 46% used [0x00000000f9080000,0x00000000fa09e470,0x00000000fb380000)
  to   space 34304K, 0% used [0x00000000fde00000,0x00000000fde00000,0x00000000fff80000)
 ParOldGen       total 152064K, used 60808K [0x00000000a0000000, 0x00000000a9480000, 0x00000000e0000000)
  object space 152064K, 39% used [0x00000000a0000000,0x00000000a3b621e8,0x00000000a9480000)
 Metaspace       used 65243K, capacity 67250K, committed 67544K, reserved 1107968K
  class space    used 8423K, capacity 8916K, committed 8960K, reserved 1048576K
}
Event: 34.989 GC heap before
{Heap before GC invocations=23 (full 3):
 PSYoungGen      total 445952K, used 424986K [0x00000000e0000000, 0x00000000fff80000, 0x0000000100000000)
  eden space 410112K, 99% used [0x00000000e0000000,0x00000000f8ee8670,0x00000000f9080000)
  from space 35840K, 46% used [0x00000000f9080000,0x00000000fa09e470,0x00000000fb380000)
  to   space 34304K, 0% used [0x00000000fde00000,0x00000000fde00000,0x00000000fff80000)
 ParOldGen       total 152064K, used 60808K [0x00000000a0000000, 0x00000000a9480000, 0x00000000e0000000)
  object space 152064K, 39% used [0x00000000a0000000,0x00000000a3b621e8,0x00000000a9480000)
 Metaspace       used 66975K, capacity 69244K, committed 69336K, reserved 1110016K
  class space    used 8644K, capacity 9173K, committed 9216K, reserved 1048576K
Event: 35.016 GC heap after
Heap after GC invocations=23 (full 3):
 PSYoungGen      total 485376K, used 11951K [0x00000000e0000000, 0x00000000ffc80000, 0x0000000100000000)
  eden space 454144K, 0% used [0x00000000e0000000,0x00000000e0000000,0x00000000fbb80000)
  from space 31232K, 38% used [0x00000000fde00000,0x00000000fe9abcb8,0x00000000ffc80000)
  to   space 33280K, 0% used [0x00000000fbb80000,0x00000000fbb80000,0x00000000fdc00000)
 ParOldGen       total 152064K, used 67576K [0x00000000a0000000, 0x00000000a9480000, 0x00000000e0000000)
  object space 152064K, 44% used [0x00000000a0000000,0x00000000a41fe218,0x00000000a9480000)
 Metaspace       used 66975K, capacity 69244K, committed 69336K, reserved 1110016K
  class space    used 8644K, capacity 9173K, committed 9216K, reserved 1048576K
}
Event: 35.265 GC heap before
{Heap before GC invocations=24 (full 3):
 PSYoungGen      total 485376K, used 465380K [0x00000000e0000000, 0x00000000ffc80000, 0x0000000100000000)
  eden space 454144K, 99% used [0x00000000e0000000,0x00000000fbacd388,0x00000000fbb80000)
  from space 31232K, 38% used [0x00000000fde00000,0x00000000fe9abcb8,0x00000000ffc80000)
  to   space 33280K, 0% used [0x00000000fbb80000,0x00000000fbb80000,0x00000000fdc00000)
 ParOldGen       total 152064K, used 67576K [0x00000000a0000000, 0x00000000a9480000, 0x00000000e0000000)
  object space 152064K, 44% used [0x00000000a0000000,0x00000000a41fe218,0x00000000a9480000)
 Metaspace       used 67294K, capacity 69628K, committed 69976K, reserved 1110016K
  class space    used 8696K, capacity 9225K, committed 9344K, reserved 1048576K
Event: 35.277 GC heap after
Heap after GC invocations=24 (full 3):
 PSYoungGen      total 487424K, used 6010K [0x00000000e0000000, 0x0000000100000000, 0x0000000100000000)
  eden space 454144K, 0% used [0x00000000e0000000,0x00000000e0000000,0x00000000fbb80000)
  from space 33280K, 18% used [0x00000000fbb80000,0x00000000fc15ead8,0x00000000fdc00000)
  to   space 33792K, 0% used [0x00000000fdf00000,0x00000000fdf00000,0x0000000100000000)
 ParOldGen       total 152064K, used 74048K [0x00000000a0000000, 0x00000000a9480000, 0x00000000e0000000)
  object space 152064K, 48% used [0x00000000a0000000,0x00000000a48500e0,0x00000000a9480000)
 Metaspace       used 67294K, capacity 69628K, committed 69976K, reserved 1110016K
  class space    used 8696K, capacity 9225K, committed 9344K, reserved 1048576K
}
Event: 98.354 GC heap before
{Heap before GC invocations=25 (full 3):
 PSYoungGen      total 487424K, used 459515K [0x00000000e0000000, 0x0000000100000000, 0x0000000100000000)
  eden space 454144K, 99% used [0x00000000e0000000,0x00000000fbae04a0,0x00000000fbb80000)
  from space 33280K, 18% used [0x00000000fbb80000,0x00000000fc15ead8,0x00000000fdc00000)
  to   space 33792K, 0% used [0x00000000fdf00000,0x00000000fdf00000,0x0000000100000000)
 ParOldGen       total 152064K, used 74048K [0x00000000a0000000, 0x00000000a9480000, 0x00000000e0000000)
  object space 152064K, 48% used [0x00000000a0000000,0x00000000a48500e0,0x00000000a9480000)
 Metaspace       used 72786K, capacity 75956K, committed 75992K, reserved 1116160K
  class space    used 9245K, capacity 9963K, committed 9984K, reserved 1048576K
Event: 98.366 GC heap after
Heap after GC invocations=25 (full 3):
 PSYoungGen      total 489472K, used 12033K [0x00000000e0000000, 0x00000000ffe80000, 0x0000000100000000)
  eden space 457216K, 0% used [0x00000000e0000000,0x00000000e0000000,0x00000000fbe80000)
  from space 32256K, 37% used [0x00000000fdf00000,0x00000000feac0770,0x00000000ffe80000)
  to   space 32768K, 0% used [0x00000000fbe80000,0x00000000fbe80000,0x00000000fde80000)
 ParOldGen       total 152064K, used 75245K [0x00000000a0000000, 0x00000000a9480000, 0x00000000e0000000)
  object space 152064K, 49% used [0x00000000a0000000,0x00000000a497b6b8,0x00000000a9480000)
 Metaspace       used 72786K, capacity 75956K, committed 75992K, reserved 1116160K
  class space    used 9245K, capacity 9963K, committed 9984K, reserved 1048576K
}

