# JRE version: OpenJDK Runtime Environment (8.0_152-b01) (build 1.8.0_152-release-915-b01)
# Java VM: OpenJDK 64-Bit Server VM (25.152-b01 mixed mode windows-amd64 compressed oops)
Heap:
 PSYoungGen      total 385536K, used 267166K [0x00000000e0000000, 0x00000000fa580000, 0x0000000100000000)
  eden space 345600K, 69% used [0x00000000e0000000,0x00000000ee9189b8,0x00000000f5180000)
  from space 39936K, 71% used [0x00000000f7d00000,0x00000000f98cf088,0x00000000fa400000)
  to   space 43008K, 0% used [0x00000000f5180000,0x00000000f5180000,0x00000000f7b80000)
 ParOldGen       total 146944K, used 74071K [0x00000000a0000000, 0x00000000a8f80000, 0x00000000e0000000)
  object space 146944K, 50% used [0x00000000a0000000,0x00000000a4855f40,0x00000000a8f80000)
 Metaspace       used 90099K, capacity 96140K, committed 96216K, reserved 1132544K
  class space    used 11332K, capacity 12772K, committed 12800K, reserved 1048576K
GC Heap History (10 events):
Event: 2371.367 GC heap before
{Heap before GC invocations=50 (full 4):
 PSYoungGen      total 300544K, used 299605K [0x00000000e0000000, 0x00000000f7680000, 0x0000000100000000)
  eden space 267776K, 99% used [0x00000000e0000000,0x00000000f04986c0,0x00000000f0580000)
  from space 32768K, 99% used [0x00000000f0580000,0x00000000f257d068,0x00000000f2580000)
  to   space 39936K, 0% used [0x00000000f4f80000,0x00000000f4f80000,0x00000000f7680000)
 ParOldGen       total 146944K, used 71564K [0x00000000a0000000, 0x00000000a8f80000, 0x00000000e0000000)
  object space 146944K, 48% used [0x00000000a0000000,0x00000000a45e3250,0x00000000a8f80000)
 Metaspace       used 80844K, capacity 84750K, committed 86360K, reserved 1124352K
  class space    used 10054K, capacity 10976K, committed 11392K, reserved 1048576K
Event: 2371.373 GC heap after
Heap after GC invocations=50 (full 4):
 PSYoungGen      total 333312K, used 3517K [0x00000000e0000000, 0x00000000f7080000, 0x0000000100000000)
  eden space 299520K, 0% used [0x00000000e0000000,0x00000000e0000000,0x00000000f2480000)
  from space 33792K, 10% used [0x00000000f4f80000,0x00000000f52ef4a0,0x00000000f7080000)
  to   space 38912K, 0% used [0x00000000f2480000,0x00000000f2480000,0x00000000f4a80000)
 ParOldGen       total 146944K, used 73772K [0x00000000a0000000, 0x00000000a8f80000, 0x00000000e0000000)
  object space 146944K, 50% used [0x00000000a0000000,0x00000000a480b2b0,0x00000000a8f80000)
 Metaspace       used 80844K, capacity 84750K, committed 86360K, reserved 1124352K
  class space    used 10054K, capacity 10976K, committed 11392K, reserved 1048576K
}
Event: 4063.890 GC heap before
{Heap before GC invocations=51 (full 4):
 PSYoungGen      total 333312K, used 303037K [0x00000000e0000000, 0x00000000f7080000, 0x0000000100000000)
  eden space 299520K, 100% used [0x00000000e0000000,0x00000000f2480000,0x00000000f2480000)
  from space 33792K, 10% used [0x00000000f4f80000,0x00000000f52ef4a0,0x00000000f7080000)
  to   space 38912K, 0% used [0x00000000f2480000,0x00000000f2480000,0x00000000f4a80000)
 ParOldGen       total 146944K, used 73772K [0x00000000a0000000, 0x00000000a8f80000, 0x00000000e0000000)
  object space 146944K, 50% used [0x00000000a0000000,0x00000000a480b2b0,0x00000000a8f80000)
 Metaspace       used 81998K, capacity 86210K, committed 87256K, reserved 1124352K
  class space    used 10247K, capacity 11260K, committed 11520K, reserved 1048576K
Event: 4063.898 GC heap after
Heap after GC invocations=51 (full 4):
 PSYoungGen      total 338432K, used 4188K [0x00000000e0000000, 0x00000000f8b80000, 0x0000000100000000)
  eden space 299520K, 0% used [0x00000000e0000000,0x00000000e0000000,0x00000000f2480000)
  from space 38912K, 10% used [0x00000000f2480000,0x00000000f28973c8,0x00000000f4a80000)
  to   space 37376K, 0% used [0x00000000f6700000,0x00000000f6700000,0x00000000f8b80000)
 ParOldGen       total 146944K, used 74028K [0x00000000a0000000, 0x00000000a8f80000, 0x00000000e0000000)
  object space 146944K, 50% used [0x00000000a0000000,0x00000000a484b2f0,0x00000000a8f80000)
 Metaspace       used 81998K, capacity 86210K, committed 87256K, reserved 1124352K
  class space    used 10247K, capacity 11260K, committed 11520K, reserved 1048576K
}
Event: 4083.617 GC heap before
{Heap before GC invocations=52 (full 4):
 PSYoungGen      total 338432K, used 303708K [0x00000000e0000000, 0x00000000f8b80000, 0x0000000100000000)
  eden space 299520K, 100% used [0x00000000e0000000,0x00000000f2480000,0x00000000f2480000)
  from space 38912K, 10% used [0x00000000f2480000,0x00000000f28973c8,0x00000000f4a80000)
  to   space 37376K, 0% used [0x00000000f6700000,0x00000000f6700000,0x00000000f8b80000)
 ParOldGen       total 146944K, used 74028K [0x00000000a0000000, 0x00000000a8f80000, 0x00000000e0000000)
  object space 146944K, 50% used [0x00000000a0000000,0x00000000a484b2f0,0x00000000a8f80000)
 Metaspace       used 86748K, capacity 91852K, committed 91992K, reserved 1128448K
  class space    used 10951K, capacity 12146K, committed 12160K, reserved 1048576K
Event: 4083.646 GC heap after
Heap after GC invocations=52 (full 4):
 PSYoungGen      total 361472K, used 21129K [0x00000000e0000000, 0x00000000f8980000, 0x0000000100000000)
  eden space 326144K, 0% used [0x00000000e0000000,0x00000000e0000000,0x00000000f3e80000)
  from space 35328K, 59% used [0x00000000f6700000,0x00000000f7ba2758,0x00000000f8980000)
  to   space 38400K, 0% used [0x00000000f3e80000,0x00000000f3e80000,0x00000000f6400000)
 ParOldGen       total 146944K, used 74036K [0x00000000a0000000, 0x00000000a8f80000, 0x00000000e0000000)
  object space 146944K, 50% used [0x00000000a0000000,0x00000000a484d2f0,0x00000000a8f80000)
 Metaspace       used 86748K, capacity 91852K, committed 91992K, reserved 1128448K
  class space    used 10951K, capacity 12146K, committed 12160K, reserved 1048576K
}
Event: 4096.002 GC heap before
{Heap before GC invocations=53 (full 4):
 PSYoungGen      total 361472K, used 347273K [0x00000000e0000000, 0x00000000f8980000, 0x0000000100000000)
  eden space 326144K, 100% used [0x00000000e0000000,0x00000000f3e80000,0x00000000f3e80000)
  from space 35328K, 59% used [0x00000000f6700000,0x00000000f7ba2758,0x00000000f8980000)
  to   space 38400K, 0% used [0x00000000f3e80000,0x00000000f3e80000,0x00000000f6400000)
 ParOldGen       total 146944K, used 74036K [0x00000000a0000000, 0x00000000a8f80000, 0x00000000e0000000)
  object space 146944K, 50% used [0x00000000a0000000,0x00000000a484d2f0,0x00000000a8f80000)
 Metaspace       used 89124K, capacity 94474K, committed 94680K, reserved 1132544K
  class space    used 11205K, capacity 12485K, committed 12544K, reserved 1048576K
Event: 4096.031 GC heap after
Heap after GC invocations=53 (full 4):
 PSYoungGen      total 364544K, used 23274K [0x00000000e0000000, 0x00000000fa400000, 0x0000000100000000)
  eden space 326144K, 0% used [0x00000000e0000000,0x00000000e0000000,0x00000000f3e80000)
  from space 38400K, 60% used [0x00000000f3e80000,0x00000000f553aa20,0x00000000f6400000)
  to   space 39936K, 0% used [0x00000000f7d00000,0x00000000f7d00000,0x00000000fa400000)
 ParOldGen       total 146944K, used 74063K [0x00000000a0000000, 0x00000000a8f80000, 0x00000000e0000000)
  object space 146944K, 50% used [0x00000000a0000000,0x00000000a4853f40,0x00000000a8f80000)
 Metaspace       used 89124K, capacity 94474K, committed 94680K, reserved 1132544K
  class space    used 11205K, capacity 12485K, committed 12544K, reserved 1048576K
}
Event: 4770.679 GC heap before
{Heap before GC invocations=54 (full 4):
 PSYoungGen      total 364544K, used 349418K [0x00000000e0000000, 0x00000000fa400000, 0x0000000100000000)
  eden space 326144K, 100% used [0x00000000e0000000,0x00000000f3e80000,0x00000000f3e80000)
  from space 38400K, 60% used [0x00000000f3e80000,0x00000000f553aa20,0x00000000f6400000)
  to   space 39936K, 0% used [0x00000000f7d00000,0x00000000f7d00000,0x00000000fa400000)
 ParOldGen       total 146944K, used 74063K [0x00000000a0000000, 0x00000000a8f80000, 0x00000000e0000000)
  object space 146944K, 50% used [0x00000000a0000000,0x00000000a4853f40,0x00000000a8f80000)
 Metaspace       used 89739K, capacity 95554K, committed 95576K, reserved 1132544K
  class space    used 11290K, capacity 12657K, committed 12672K, reserved 1048576K
Event: 4770.705 GC heap after
Heap after GC invocations=54 (full 4):
 PSYoungGen      total 385536K, used 28476K [0x00000000e0000000, 0x00000000fa580000, 0x0000000100000000)
  eden space 345600K, 0% used [0x00000000e0000000,0x00000000e0000000,0x00000000f5180000)
  from space 39936K, 71% used [0x00000000f7d00000,0x00000000f98cf088,0x00000000fa400000)
  to   space 43008K, 0% used [0x00000000f5180000,0x00000000f5180000,0x00000000f7b80000)
 ParOldGen       total 146944K, used 74071K [0x00000000a0000000, 0x00000000a8f80000, 0x00000000e0000000)
  object space 146944K, 50% used [0x00000000a0000000,0x00000000a4855f40,0x00000000a8f80000)
 Metaspace       used 89739K, capacity 95554K, committed 95576K, reserved 1132544K
  class space    used 11290K, capacity 12657K, committed 12672K, reserved 1048576K
}

